# JRE version: OpenJDK Runtime Environment Temurin-21.0.7+6 (21.0.7+6) (build 21.0.7+6-LTS)
# Java VM: OpenJDK 64-Bit Server VM Temurin-21.0.7+6 (21.0.7+6-LTS, mixed mode, sharing, tiered, compressed oops, compressed class ptrs, parallel gc, windows-amd64)
GC Precious Log:
 CardTable entry size: 512
 CPUs: 8 total, 8 available
 Memory: 14253M
 Large Page Support: Disabled
 NUMA Support: Disabled
 Compressed Oops: Enabled (32-bit)
 Alignments: Space 512K, Generation 512K, Heap 2M
 Heap Min Capacity: 100M
 Heap Initial Capacity: 100M
 Heap Max Capacity: 2G
 Pre-touch: Disabled
 Parallel Workers: 8
Heap:
 PSYoungGen      total 4096K, used 3360K [0x00000000d5580000, 0x00000000d5a80000, 0x0000000100000000)
  eden space 3072K, 80% used [0x00000000d5580000,0x00000000d57ebb00,0x00000000d5880000)
  from space 1024K, 86% used [0x00000000d5880000,0x00000000d595c520,0x00000000d5980000)
  to   space 1024K, 0% used [0x00000000d5980000,0x00000000d5980000,0x00000000d5a80000)
 ParOldGen       total 293888K, used 257007K [0x0000000080000000, 0x0000000091f00000, 0x00000000d5580000)
  object space 293888K, 87% used [0x0000000080000000,0x000000008fafbd10,0x0000000091f00000)
 Metaspace       used 59425K, committed 60864K, reserved 1114112K
  class space    used 6063K, committed 6784K, reserved 1048576K
GC Heap History (20 events):
Event: 20.276 GC heap before
{Heap before GC invocations=403 (full 3):
 PSYoungGen      total 4096K, used 3625K [0x00000000d5580000, 0x00000000d5a80000, 0x0000000100000000)
  eden space 3072K, 100% used [0x00000000d5580000,0x00000000d5880000,0x00000000d5880000)
  from space 1024K, 54% used [0x00000000d5880000,0x00000000d590a700,0x00000000d5980000)
  to   space 1024K, 0% used [0x00000000d5980000,0x00000000d5980000,0x00000000d5a80000)
 ParOldGen       total 293888K, used 249746K [0x0000000080000000, 0x0000000091f00000, 0x00000000d5580000)
  object space 293888K, 84% used [0x0000000080000000,0x000000008f3e4a90,0x0000000091f00000)
 Metaspace       used 58861K, committed 60352K, reserved 1114112K
  class space    used 6007K, committed 6720K, reserved 1048576K
}
Event: 20.279 GC heap after
{Heap after GC invocations=403 (full 3):
 PSYoungGen      total 4096K, used 736K [0x00000000d5580000, 0x00000000d5a80000, 0x0000000100000000)
  eden space 3072K, 0% used [0x00000000d5580000,0x00000000d5580000,0x00000000d5880000)
  from space 1024K, 71% used [0x00000000d5980000,0x00000000d5a38240,0x00000000d5a80000)
  to   space 1024K, 0% used [0x00000000d5880000,0x00000000d5880000,0x00000000d5980000)
 ParOldGen       total 293888K, used 250178K [0x0000000080000000, 0x0000000091f00000, 0x00000000d5580000)
  object space 293888K, 85% used [0x0000000080000000,0x000000008f450b48,0x0000000091f00000)
 Metaspace       used 58861K, committed 60352K, reserved 1114112K
  class space    used 6007K, committed 6720K, reserved 1048576K
}
Event: 20.314 GC heap before
{Heap before GC invocations=404 (full 3):
 PSYoungGen      total 4096K, used 3808K [0x00000000d5580000, 0x00000000d5a80000, 0x0000000100000000)
  eden space 3072K, 100% used [0x00000000d5580000,0x00000000d5880000,0x00000000d5880000)
  from space 1024K, 71% used [0x00000000d5980000,0x00000000d5a38240,0x00000000d5a80000)
  to   space 1024K, 0% used [0x00000000d5880000,0x00000000d5880000,0x00000000d5980000)
 ParOldGen       total 293888K, used 250178K [0x0000000080000000, 0x0000000091f00000, 0x00000000d5580000)
  object space 293888K, 85% used [0x0000000080000000,0x000000008f450b48,0x0000000091f00000)
 Metaspace       used 58895K, committed 60352K, reserved 1114112K
  class space    used 6010K, committed 6720K, reserved 1048576K
}
Event: 20.317 GC heap after
{Heap after GC invocations=404 (full 3):
 PSYoungGen      total 4096K, used 680K [0x00000000d5580000, 0x00000000d5a80000, 0x0000000100000000)
  eden space 3072K, 0% used [0x00000000d5580000,0x00000000d5580000,0x00000000d5880000)
  from space 1024K, 66% used [0x00000000d5880000,0x00000000d592a1c8,0x00000000d5980000)
  to   space 1024K, 0% used [0x00000000d5980000,0x00000000d5980000,0x00000000d5a80000)
 ParOldGen       total 293888K, used 250707K [0x0000000080000000, 0x0000000091f00000, 0x00000000d5580000)
  object space 293888K, 85% used [0x0000000080000000,0x000000008f4d4fb0,0x0000000091f00000)
 Metaspace       used 58895K, committed 60352K, reserved 1114112K
  class space    used 6010K, committed 6720K, reserved 1048576K
}
Event: 20.343 GC heap before
{Heap before GC invocations=405 (full 3):
 PSYoungGen      total 4096K, used 3752K [0x00000000d5580000, 0x00000000d5a80000, 0x0000000100000000)
  eden space 3072K, 100% used [0x00000000d5580000,0x00000000d5880000,0x00000000d5880000)
  from space 1024K, 66% used [0x00000000d5880000,0x00000000d592a1c8,0x00000000d5980000)
  to   space 1024K, 0% used [0x00000000d5980000,0x00000000d5980000,0x00000000d5a80000)
 ParOldGen       total 293888K, used 250707K [0x0000000080000000, 0x0000000091f00000, 0x00000000d5580000)
  object space 293888K, 85% used [0x0000000080000000,0x000000008f4d4fb0,0x0000000091f00000)
 Metaspace       used 58915K, committed 60352K, reserved 1114112K
  class space    used 6011K, committed 6720K, reserved 1048576K
}
Event: 20.346 GC heap after
{Heap after GC invocations=405 (full 3):
 PSYoungGen      total 4096K, used 761K [0x00000000d5580000, 0x00000000d5a80000, 0x0000000100000000)
  eden space 3072K, 0% used [0x00000000d5580000,0x00000000d5580000,0x00000000d5880000)
  from space 1024K, 74% used [0x00000000d5980000,0x00000000d5a3e5c8,0x00000000d5a80000)
  to   space 1024K, 0% used [0x00000000d5880000,0x00000000d5880000,0x00000000d5980000)
 ParOldGen       total 293888K, used 251281K [0x0000000080000000, 0x0000000091f00000, 0x00000000d5580000)
  object space 293888K, 85% used [0x0000000080000000,0x000000008f564500,0x0000000091f00000)
 Metaspace       used 58915K, committed 60352K, reserved 1114112K
  class space    used 6011K, committed 6720K, reserved 1048576K
}
Event: 20.380 GC heap before
{Heap before GC invocations=406 (full 3):
 PSYoungGen      total 4096K, used 3833K [0x00000000d5580000, 0x00000000d5a80000, 0x0000000100000000)
  eden space 3072K, 100% used [0x00000000d5580000,0x00000000d5880000,0x00000000d5880000)
  from space 1024K, 74% used [0x00000000d5980000,0x00000000d5a3e5c8,0x00000000d5a80000)
  to   space 1024K, 0% used [0x00000000d5880000,0x00000000d5880000,0x00000000d5980000)
 ParOldGen       total 293888K, used 251281K [0x0000000080000000, 0x0000000091f00000, 0x00000000d5580000)
  object space 293888K, 85% used [0x0000000080000000,0x000000008f564500,0x0000000091f00000)
 Metaspace       used 59026K, committed 60480K, reserved 1114112K
  class space    used 6026K, committed 6720K, reserved 1048576K
}
Event: 20.382 GC heap after
{Heap after GC invocations=406 (full 3):
 PSYoungGen      total 4096K, used 693K [0x00000000d5580000, 0x00000000d5a80000, 0x0000000100000000)
  eden space 3072K, 0% used [0x00000000d5580000,0x00000000d5580000,0x00000000d5880000)
  from space 1024K, 67% used [0x00000000d5880000,0x00000000d592d630,0x00000000d5980000)
  to   space 1024K, 0% used [0x00000000d5980000,0x00000000d5980000,0x00000000d5a80000)
 ParOldGen       total 293888K, used 251861K [0x0000000080000000, 0x0000000091f00000, 0x00000000d5580000)
  object space 293888K, 85% used [0x0000000080000000,0x000000008f5f57b8,0x0000000091f00000)
 Metaspace       used 59026K, committed 60480K, reserved 1114112K
  class space    used 6026K, committed 6720K, reserved 1048576K
}
Event: 20.412 GC heap before
{Heap before GC invocations=407 (full 3):
 PSYoungGen      total 4096K, used 3765K [0x00000000d5580000, 0x00000000d5a80000, 0x0000000100000000)
  eden space 3072K, 100% used [0x00000000d5580000,0x00000000d5880000,0x00000000d5880000)
  from space 1024K, 67% used [0x00000000d5880000,0x00000000d592d630,0x00000000d5980000)
  to   space 1024K, 0% used [0x00000000d5980000,0x00000000d5980000,0x00000000d5a80000)
 ParOldGen       total 293888K, used 251861K [0x0000000080000000, 0x0000000091f00000, 0x00000000d5580000)
  object space 293888K, 85% used [0x0000000080000000,0x000000008f5f57b8,0x0000000091f00000)
 Metaspace       used 59126K, committed 60544K, reserved 1114112K
  class space    used 6038K, committed 6720K, reserved 1048576K
}
Event: 20.415 GC heap after
{Heap after GC invocations=407 (full 3):
 PSYoungGen      total 4096K, used 619K [0x00000000d5580000, 0x00000000d5a80000, 0x0000000100000000)
  eden space 3072K, 0% used [0x00000000d5580000,0x00000000d5580000,0x00000000d5880000)
  from space 1024K, 60% used [0x00000000d5980000,0x00000000d5a1ad68,0x00000000d5a80000)
  to   space 1024K, 0% used [0x00000000d5880000,0x00000000d5880000,0x00000000d5980000)
 ParOldGen       total 293888K, used 252390K [0x0000000080000000, 0x0000000091f00000, 0x00000000d5580000)
  object space 293888K, 85% used [0x0000000080000000,0x000000008f6798b8,0x0000000091f00000)
 Metaspace       used 59126K, committed 60544K, reserved 1114112K
  class space    used 6038K, committed 6720K, reserved 1048576K
}
Event: 20.431 GC heap before
{Heap before GC invocations=408 (full 3):
 PSYoungGen      total 4096K, used 3691K [0x00000000d5580000, 0x00000000d5a80000, 0x0000000100000000)
  eden space 3072K, 100% used [0x00000000d5580000,0x00000000d5880000,0x00000000d5880000)
  from space 1024K, 60% used [0x00000000d5980000,0x00000000d5a1ad68,0x00000000d5a80000)
  to   space 1024K, 0% used [0x00000000d5880000,0x00000000d5880000,0x00000000d5980000)
 ParOldGen       total 293888K, used 252390K [0x0000000080000000, 0x0000000091f00000, 0x00000000d5580000)
  object space 293888K, 85% used [0x0000000080000000,0x000000008f6798b8,0x0000000091f00000)
 Metaspace       used 59196K, committed 60608K, reserved 1114112K
  class space    used 6046K, committed 6720K, reserved 1048576K
}
Event: 20.434 GC heap after
{Heap after GC invocations=408 (full 3):
 PSYoungGen      total 4096K, used 735K [0x00000000d5580000, 0x00000000d5a80000, 0x0000000100000000)
  eden space 3072K, 0% used [0x00000000d5580000,0x00000000d5580000,0x00000000d5880000)
  from space 1024K, 71% used [0x00000000d5880000,0x00000000d5937c38,0x00000000d5980000)
  to   space 1024K, 0% used [0x00000000d5980000,0x00000000d5980000,0x00000000d5a80000)
 ParOldGen       total 293888K, used 252888K [0x0000000080000000, 0x0000000091f00000, 0x00000000d5580000)
  object space 293888K, 86% used [0x0000000080000000,0x000000008f6f6360,0x0000000091f00000)
 Metaspace       used 59196K, committed 60608K, reserved 1114112K
  class space    used 6046K, committed 6720K, reserved 1048576K
}
Event: 20.455 GC heap before
{Heap before GC invocations=409 (full 3):
 PSYoungGen      total 4096K, used 3807K [0x00000000d5580000, 0x00000000d5a80000, 0x0000000100000000)
  eden space 3072K, 99% used [0x00000000d5580000,0x00000000d587ffd8,0x00000000d5880000)
  from space 1024K, 71% used [0x00000000d5880000,0x00000000d5937c38,0x00000000d5980000)
  to   space 1024K, 0% used [0x00000000d5980000,0x00000000d5980000,0x00000000d5a80000)
 ParOldGen       total 293888K, used 252888K [0x0000000080000000, 0x0000000091f00000, 0x00000000d5580000)
  object space 293888K, 86% used [0x0000000080000000,0x000000008f6f6360,0x0000000091f00000)
 Metaspace       used 59240K, committed 60608K, reserved 1114112K
  class space    used 6051K, committed 6720K, reserved 1048576K
}
Event: 20.457 GC heap after
{Heap after GC invocations=409 (full 3):
 PSYoungGen      total 4096K, used 819K [0x00000000d5580000, 0x00000000d5a80000, 0x0000000100000000)
  eden space 3072K, 0% used [0x00000000d5580000,0x00000000d5580000,0x00000000d5880000)
  from space 1024K, 80% used [0x00000000d5980000,0x00000000d5a4ce40,0x00000000d5a80000)
  to   space 1024K, 0% used [0x00000000d5880000,0x00000000d5880000,0x00000000d5980000)
 ParOldGen       total 293888K, used 253516K [0x0000000080000000, 0x0000000091f00000, 0x00000000d5580000)
  object space 293888K, 86% used [0x0000000080000000,0x000000008f793068,0x0000000091f00000)
 Metaspace       used 59240K, committed 60608K, reserved 1114112K
  class space    used 6051K, committed 6720K, reserved 1048576K
}
Event: 20.473 GC heap before
{Heap before GC invocations=410 (full 3):
 PSYoungGen      total 4096K, used 3891K [0x00000000d5580000, 0x00000000d5a80000, 0x0000000100000000)
  eden space 3072K, 100% used [0x00000000d5580000,0x00000000d5880000,0x00000000d5880000)
  from space 1024K, 80% used [0x00000000d5980000,0x00000000d5a4ce40,0x00000000d5a80000)
  to   space 1024K, 0% used [0x00000000d5880000,0x00000000d5880000,0x00000000d5980000)
 ParOldGen       total 293888K, used 253516K [0x0000000080000000, 0x0000000091f00000, 0x00000000d5580000)
  object space 293888K, 86% used [0x0000000080000000,0x000000008f793068,0x0000000091f00000)
 Metaspace       used 59289K, committed 60672K, reserved 1114112K
  class space    used 6052K, committed 6720K, reserved 1048576K
}
Event: 20.476 GC heap after
{Heap after GC invocations=410 (full 3):
 PSYoungGen      total 4096K, used 753K [0x00000000d5580000, 0x00000000d5a80000, 0x0000000100000000)
  eden space 3072K, 0% used [0x00000000d5580000,0x00000000d5580000,0x00000000d5880000)
  from space 1024K, 73% used [0x00000000d5880000,0x00000000d593c430,0x00000000d5980000)
  to   space 1024K, 0% used [0x00000000d5980000,0x00000000d5980000,0x00000000d5a80000)
 ParOldGen       total 293888K, used 254153K [0x0000000080000000, 0x0000000091f00000, 0x00000000d5580000)
  object space 293888K, 86% used [0x0000000080000000,0x000000008f832590,0x0000000091f00000)
 Metaspace       used 59289K, committed 60672K, reserved 1114112K
  class space    used 6052K, committed 6720K, reserved 1048576K
}
Event: 20.492 GC heap before
{Heap before GC invocations=411 (full 3):
 PSYoungGen      total 4096K, used 3825K [0x00000000d5580000, 0x00000000d5a80000, 0x0000000100000000)
  eden space 3072K, 100% used [0x00000000d5580000,0x00000000d5880000,0x00000000d5880000)
  from space 1024K, 73% used [0x00000000d5880000,0x00000000d593c430,0x00000000d5980000)
  to   space 1024K, 0% used [0x00000000d5980000,0x00000000d5980000,0x00000000d5a80000)
 ParOldGen       total 293888K, used 254153K [0x0000000080000000, 0x0000000091f00000, 0x00000000d5580000)
  object space 293888K, 86% used [0x0000000080000000,0x000000008f832590,0x0000000091f00000)
 Metaspace       used 59303K, committed 60736K, reserved 1114112K
  class space    used 6052K, committed 6720K, reserved 1048576K
}
Event: 20.496 GC heap after
{Heap after GC invocations=411 (full 3):
 PSYoungGen      total 4096K, used 1016K [0x00000000d5580000, 0x00000000d5a80000, 0x0000000100000000)
  eden space 3072K, 0% used [0x00000000d5580000,0x00000000d5580000,0x00000000d5880000)
  from space 1024K, 99% used [0x00000000d5980000,0x00000000d5a7e128,0x00000000d5a80000)
  to   space 1024K, 0% used [0x00000000d5880000,0x00000000d5880000,0x00000000d5980000)
 ParOldGen       total 293888K, used 254830K [0x0000000080000000, 0x0000000091f00000, 0x00000000d5580000)
  object space 293888K, 86% used [0x0000000080000000,0x000000008f8dbb48,0x0000000091f00000)
 Metaspace       used 59303K, committed 60736K, reserved 1114112K
  class space    used 6052K, committed 6720K, reserved 1048576K
}
Event: 20.510 GC heap before
{Heap before GC invocations=412 (full 3):
 PSYoungGen      total 4096K, used 4088K [0x00000000d5580000, 0x00000000d5a80000, 0x0000000100000000)
  eden space 3072K, 100% used [0x00000000d5580000,0x00000000d5880000,0x00000000d5880000)
  from space 1024K, 99% used [0x00000000d5980000,0x00000000d5a7e128,0x00000000d5a80000)
  to   space 1024K, 0% used [0x00000000d5880000,0x00000000d5880000,0x00000000d5980000)
 ParOldGen       total 293888K, used 254830K [0x0000000080000000, 0x0000000091f00000, 0x00000000d5580000)
  object space 293888K, 86% used [0x0000000080000000,0x000000008f8dbb48,0x0000000091f00000)
 Metaspace       used 59323K, committed 60736K, reserved 1114112K
  class space    used 6052K, committed 6720K, reserved 1048576K
}
Event: 20.514 GC heap after
{Heap after GC invocations=412 (full 3):
 PSYoungGen      total 4096K, used 862K [0x00000000d5580000, 0x00000000d5a80000, 0x0000000100000000)
  eden space 3072K, 0% used [0x00000000d5580000,0x00000000d5580000,0x00000000d5880000)
  from space 1024K, 84% used [0x00000000d5880000,0x00000000d5957800,0x00000000d5980000)
  to   space 1024K, 0% used [0x00000000d5980000,0x00000000d5980000,0x00000000d5a80000)
 ParOldGen       total 293888K, used 255632K [0x0000000080000000, 0x0000000091f00000, 0x00000000d5580000)
  object space 293888K, 86% used [0x0000000080000000,0x000000008f9a41f8,0x0000000091f00000)
 Metaspace       used 59323K, committed 60736K, reserved 1114112K
  class space    used 6052K, committed 6720K, reserved 1048576K
}

